<?xml version="1.0" encoding="UTF-8"?>
<testsuite xmlns:xsi="http://www.w3.org/2001/XMLSchema-instance" xsi:noNamespaceSchemaLocation="https://maven.apache.org/surefire/maven-surefire-plugin/xsd/surefire-test-report.xsd" name="com.zhangwei95.AppTest" time="0.044" tests="1" errors="0" skipped="0" failures="0">
  <properties>
    <property name="sun.desktop" value="windows"/>
    <property name="awt.toolkit" value="sun.awt.windows.WToolkit"/>
    <property name="file.encoding.pkg" value="sun.io"/>
    <property name="java.specification.version" value="1.8"/>
    <property name="sun.cpu.isalist" value="amd64"/>
    <property name="sun.jnu.encoding" value="GBK"/>
    <property name="java.class.path" value="D:\gitRepository\spring-cloud-sample\quick-starter\target\test-classes;D:\gitRepository\spring-cloud-sample\quick-starter\target\classes;D:\m2\com\fasterxml\jackson\module\jackson-module-parameter-names\2.9.8\jackson-module-parameter-names-2.9.8.jar;D:\m2\com\fasterxml\jackson\core\jackson-core\2.9.8\jackson-core-2.9.8.jar;D:\m2\com\fasterxml\jackson\core\jackson-databind\2.9.8\jackson-databind-2.9.8.jar;D:\m2\com\fasterxml\jackson\datatype\jackson-datatype-hppc\2.9.8\jackson-datatype-hppc-2.9.8.jar;D:\m2\com\carrotsearch\hppc\0.7.1\hppc-0.7.1.jar;D:\m2\com\fasterxml\jackson\datatype\jackson-datatype-jsr310\2.9.8\jackson-datatype-jsr310-2.9.8.jar;D:\m2\com\fasterxml\jackson\core\jackson-annotations\2.9.0\jackson-annotations-2.9.0.jar;D:\m2\com\fasterxml\jackson\module\jackson-module-afterburner\2.9.8\jackson-module-afterburner-2.9.8.jar;D:\m2\io\springfox\springfox-swagger2\2.9.2\springfox-swagger2-2.9.2.jar;D:\m2\io\swagger\swagger-annotations\1.5.20\swagger-annotations-1.5.20.jar;D:\m2\io\swagger\swagger-models\1.5.20\swagger-models-1.5.20.jar;D:\m2\io\springfox\springfox-spi\2.9.2\springfox-spi-2.9.2.jar;D:\m2\io\springfox\springfox-core\2.9.2\springfox-core-2.9.2.jar;D:\m2\io\springfox\springfox-schema\2.9.2\springfox-schema-2.9.2.jar;D:\m2\io\springfox\springfox-swagger-common\2.9.2\springfox-swagger-common-2.9.2.jar;D:\m2\io\springfox\springfox-spring-web\2.9.2\springfox-spring-web-2.9.2.jar;D:\m2\com\fasterxml\classmate\1.3.4\classmate-1.3.4.jar;D:\m2\org\slf4j\slf4j-api\1.7.25\slf4j-api-1.7.25.jar;D:\m2\org\springframework\plugin\spring-plugin-core\1.2.0.RELEASE\spring-plugin-core-1.2.0.RELEASE.jar;D:\m2\org\springframework\plugin\spring-plugin-metadata\1.2.0.RELEASE\spring-plugin-metadata-1.2.0.RELEASE.jar;D:\m2\com\google\guava\guava\27.1-jre\guava-27.1-jre.jar;D:\m2\com\google\guava\failureaccess\1.0.1\failureaccess-1.0.1.jar;D:\m2\com\google\guava\listenablefuture\9999.0-empty-to-avoid-conflict-with-guava\listenablefuture-9999.0-empty-to-avoid-conflict-with-guava.jar;D:\m2\com\google\code\findbugs\jsr305\3.0.2\jsr305-3.0.2.jar;D:\m2\org\checkerframework\checker-qual\2.5.2\checker-qual-2.5.2.jar;D:\m2\com\google\errorprone\error_prone_annotations\2.2.0\error_prone_annotations-2.2.0.jar;D:\m2\com\google\j2objc\j2objc-annotations\1.1\j2objc-annotations-1.1.jar;D:\m2\org\codehaus\mojo\animal-sniffer-annotations\1.17\animal-sniffer-annotations-1.17.jar;D:\m2\io\springfox\springfox-bean-validators\2.9.2\springfox-bean-validators-2.9.2.jar;D:\m2\com\querydsl\querydsl-apt\4.1.4\querydsl-apt-4.1.4.jar;D:\m2\com\querydsl\querydsl-codegen\4.1.4\querydsl-codegen-4.1.4.jar;D:\m2\com\mysema\codegen\codegen\0.6.8\codegen-0.6.8.jar;D:\m2\org\eclipse\jdt\core\compiler\ecj\4.3.1\ecj-4.3.1.jar;D:\m2\javax\inject\javax.inject\1\javax.inject-1.jar;D:\m2\org\reflections\reflections\0.9.11\reflections-0.9.11.jar;D:\m2\org\javassist\javassist\3.21.0-GA\javassist-3.21.0-GA.jar;D:\m2\javax\jdo\jdo-api\3.0.1\jdo-api-3.0.1.jar;D:\m2\javax\transaction\jta\1.1\jta-1.1.jar;D:\m2\com\querydsl\querydsl-mongodb\4.1.4\querydsl-mongodb-4.1.4.jar;D:\m2\com\querydsl\querydsl-core\4.1.4\querydsl-core-4.1.4.jar;D:\m2\com\mysema\commons\mysema-commons-lang\0.2.4\mysema-commons-lang-0.2.4.jar;D:\m2\com\infradna\tool\bridge-method-annotation\1.13\bridge-method-annotation-1.13.jar;D:\m2\org\assertj\assertj-core\3.9.1\assertj-core-3.9.1.jar;D:\m2\net\logstash\logback\logstash-logback-encoder\5.2\logstash-logback-encoder-5.2.jar;D:\m2\org\mapstruct\mapstruct-jdk8\1.2.0.Final\mapstruct-jdk8-1.2.0.Final.jar;D:\m2\org\mapstruct\mapstruct-processor\1.2.0.Final\mapstruct-processor-1.2.0.Final.jar;D:\m2\org\springframework\boot\spring-boot-configuration-processor\2.0.8.RELEASE\spring-boot-configuration-processor-2.0.8.RELEASE.jar;D:\m2\org\springframework\boot\spring-boot-loader-tools\2.0.8.RELEASE\spring-boot-loader-tools-2.0.8.RELEASE.jar;D:\m2\org\springframework\spring-core\5.0.12.RELEASE\spring-core-5.0.12.RELEASE.jar;D:\m2\org\springframework\spring-jcl\5.0.12.RELEASE\spring-jcl-5.0.12.RELEASE.jar;D:\m2\org\apache\commons\commons-compress\1.14\commons-compress-1.14.jar;D:\m2\org\springframework\boot\spring-boot-starter-actuator\2.0.8.RELEASE\spring-boot-starter-actuator-2.0.8.RELEASE.jar;D:\m2\org\springframework\boot\spring-boot-starter\2.0.8.RELEASE\spring-boot-starter-2.0.8.RELEASE.jar;D:\m2\org\springframework\boot\spring-boot-autoconfigure\2.0.8.RELEASE\spring-boot-autoconfigure-2.0.8.RELEASE.jar;D:\m2\org\springframework\boot\spring-boot-starter-logging\2.0.8.RELEASE\spring-boot-starter-logging-2.0.8.RELEASE.jar;D:\m2\ch\qos\logback\logback-classic\1.2.3\logback-classic-1.2.3.jar;D:\m2\ch\qos\logback\logback-core\1.2.3\logback-core-1.2.3.jar;D:\m2\org\apache\logging\log4j\log4j-to-slf4j\2.10.0\log4j-to-slf4j-2.10.0.jar;D:\m2\org\apache\logging\log4j\log4j-api\2.10.0\log4j-api-2.10.0.jar;D:\m2\org\slf4j\jul-to-slf4j\1.7.25\jul-to-slf4j-1.7.25.jar;D:\m2\javax\annotation\javax.annotation-api\1.3.2\javax.annotation-api-1.3.2.jar;D:\m2\org\yaml\snakeyaml\1.19\snakeyaml-1.19.jar;D:\m2\org\springframework\boot\spring-boot-actuator-autoconfigure\2.0.8.RELEASE\spring-boot-actuator-autoconfigure-2.0.8.RELEASE.jar;D:\m2\org\springframework\boot\spring-boot-actuator\2.0.8.RELEASE\spring-boot-actuator-2.0.8.RELEASE.jar;D:\m2\io\micrometer\micrometer-core\1.0.9\micrometer-core-1.0.9.jar;D:\m2\org\hdrhistogram\HdrHistogram\2.1.10\HdrHistogram-2.1.10.jar;D:\m2\org\latencyutils\LatencyUtils\2.0.3\LatencyUtils-2.0.3.jar;D:\m2\org\springframework\boot\spring-boot-starter-aop\2.0.8.RELEASE\spring-boot-starter-aop-2.0.8.RELEASE.jar;D:\m2\org\springframework\spring-aop\5.0.12.RELEASE\spring-aop-5.0.12.RELEASE.jar;D:\m2\org\aspectj\aspectjweaver\1.8.13\aspectjweaver-1.8.13.jar;D:\m2\org\springframework\boot\spring-boot-starter-cache\2.0.8.RELEASE\spring-boot-starter-cache-2.0.8.RELEASE.jar;D:\m2\org\springframework\spring-context\5.0.12.RELEASE\spring-context-5.0.12.RELEASE.jar;D:\m2\org\springframework\spring-expression\5.0.12.RELEASE\spring-expression-5.0.12.RELEASE.jar;D:\m2\org\springframework\spring-context-support\5.0.12.RELEASE\spring-context-support-5.0.12.RELEASE.jar;D:\m2\junit\junit\4.11\junit-4.11.jar;D:\m2\org\hamcrest\hamcrest-core\1.3\hamcrest-core-1.3.jar;D:\m2\org\springframework\boot\spring-boot-starter-web\2.0.8.RELEASE\spring-boot-starter-web-2.0.8.RELEASE.jar;D:\m2\org\springframework\boot\spring-boot-starter-json\2.0.8.RELEASE\spring-boot-starter-json-2.0.8.RELEASE.jar;D:\m2\com\fasterxml\jackson\datatype\jackson-datatype-jdk8\2.9.8\jackson-datatype-jdk8-2.9.8.jar;D:\m2\org\springframework\boot\spring-boot-starter-tomcat\2.0.8.RELEASE\spring-boot-starter-tomcat-2.0.8.RELEASE.jar;D:\m2\org\apache\tomcat\embed\tomcat-embed-core\8.5.37\tomcat-embed-core-8.5.37.jar;D:\m2\org\apache\tomcat\embed\tomcat-embed-el\8.5.37\tomcat-embed-el-8.5.37.jar;D:\m2\org\apache\tomcat\embed\tomcat-embed-websocket\8.5.37\tomcat-embed-websocket-8.5.37.jar;D:\m2\org\hibernate\validator\hibernate-validator\6.0.14.Final\hibernate-validator-6.0.14.Final.jar;D:\m2\javax\validation\validation-api\2.0.1.Final\validation-api-2.0.1.Final.jar;D:\m2\org\jboss\logging\jboss-logging\3.3.2.Final\jboss-logging-3.3.2.Final.jar;D:\m2\org\springframework\spring-web\5.0.12.RELEASE\spring-web-5.0.12.RELEASE.jar;D:\m2\org\springframework\spring-webmvc\5.0.12.RELEASE\spring-webmvc-5.0.12.RELEASE.jar;D:\m2\org\springframework\boot\spring-boot-starter-test\2.0.8.RELEASE\spring-boot-starter-test-2.0.8.RELEASE.jar;D:\m2\org\springframework\boot\spring-boot-test-autoconfigure\2.0.8.RELEASE\spring-boot-test-autoconfigure-2.0.8.RELEASE.jar;D:\m2\com\jayway\jsonpath\json-path\2.4.0\json-path-2.4.0.jar;D:\m2\net\minidev\json-smart\2.3\json-smart-2.3.jar;D:\m2\net\minidev\accessors-smart\1.2\accessors-smart-1.2.jar;D:\m2\org\mockito\mockito-core\2.15.0\mockito-core-2.15.0.jar;D:\m2\net\bytebuddy\byte-buddy\1.7.11\byte-buddy-1.7.11.jar;D:\m2\net\bytebuddy\byte-buddy-agent\1.7.11\byte-buddy-agent-1.7.11.jar;D:\m2\org\objenesis\objenesis\2.6\objenesis-2.6.jar;D:\m2\org\hamcrest\hamcrest-library\1.3\hamcrest-library-1.3.jar;D:\m2\org\skyscreamer\jsonassert\1.5.0\jsonassert-1.5.0.jar;D:\m2\com\vaadin\external\google\android-json\0.0.20131108.vaadin1\android-json-0.0.20131108.vaadin1.jar;D:\m2\org\springframework\spring-test\5.0.12.RELEASE\spring-test-5.0.12.RELEASE.jar;D:\m2\org\xmlunit\xmlunit-core\2.5.1\xmlunit-core-2.5.1.jar;D:\m2\org\springframework\boot\spring-boot-test\2.0.8.RELEASE\spring-boot-test-2.0.8.RELEASE.jar;D:\m2\org\springframework\boot\spring-boot\2.0.8.RELEASE\spring-boot-2.0.8.RELEASE.jar;D:\m2\org\springframework\security\spring-security-test\5.0.11.RELEASE\spring-security-test-5.0.11.RELEASE.jar;D:\m2\org\springframework\security\spring-security-core\5.0.11.RELEASE\spring-security-core-5.0.11.RELEASE.jar;D:\m2\org\springframework\security\spring-security-web\5.0.11.RELEASE\spring-security-web-5.0.11.RELEASE.jar;D:\m2\org\springframework\security\oauth\spring-security-oauth2\2.3.4.RELEASE\spring-security-oauth2-2.3.4.RELEASE.jar;D:\m2\org\springframework\spring-beans\5.0.12.RELEASE\spring-beans-5.0.12.RELEASE.jar;D:\m2\org\springframework\security\spring-security-config\5.0.11.RELEASE\spring-security-config-5.0.11.RELEASE.jar;D:\m2\commons-codec\commons-codec\1.11\commons-codec-1.11.jar;D:\m2\org\codehaus\jackson\jackson-mapper-asl\1.9.13\jackson-mapper-asl-1.9.13.jar;D:\m2\org\codehaus\jackson\jackson-core-asl\1.9.13\jackson-core-asl-1.9.13.jar;D:\m2\org\springframework\security\spring-security-jwt\1.0.9.RELEASE\spring-security-jwt-1.0.9.RELEASE.jar;D:\m2\org\bouncycastle\bcpkix-jdk15on\1.56\bcpkix-jdk15on-1.56.jar;D:\m2\org\bouncycastle\bcprov-jdk15on\1.56\bcprov-jdk15on-1.56.jar;D:\m2\org\springframework\cloud\spring-cloud-starter\2.0.2.RELEASE\spring-cloud-starter-2.0.2.RELEASE.jar;D:\m2\org\springframework\cloud\spring-cloud-context\2.0.2.RELEASE\spring-cloud-context-2.0.2.RELEASE.jar;D:\m2\org\springframework\security\spring-security-crypto\5.0.11.RELEASE\spring-security-crypto-5.0.11.RELEASE.jar;D:\m2\org\springframework\cloud\spring-cloud-commons\2.0.2.RELEASE\spring-cloud-commons-2.0.2.RELEASE.jar;D:\m2\org\springframework\security\spring-security-rsa\1.0.7.RELEASE\spring-security-rsa-1.0.7.RELEASE.jar;D:\m2\org\springframework\cloud\spring-cloud-starter-netflix-ribbon\2.0.2.RELEASE\spring-cloud-starter-netflix-ribbon-2.0.2.RELEASE.jar;D:\m2\org\springframework\cloud\spring-cloud-netflix-ribbon\2.0.2.RELEASE\spring-cloud-netflix-ribbon-2.0.2.RELEASE.jar;D:\m2\org\springframework\cloud\spring-cloud-netflix-archaius\2.0.2.RELEASE\spring-cloud-netflix-archaius-2.0.2.RELEASE.jar;D:\m2\org\springframework\cloud\spring-cloud-starter-netflix-archaius\2.0.2.RELEASE\spring-cloud-starter-netflix-archaius-2.0.2.RELEASE.jar;D:\m2\com\netflix\archaius\archaius-core\0.7.6\archaius-core-0.7.6.jar;D:\m2\commons-configuration\commons-configuration\1.8\commons-configuration-1.8.jar;D:\m2\com\netflix\ribbon\ribbon\2.2.5\ribbon-2.2.5.jar;D:\m2\com\netflix\ribbon\ribbon-transport\2.2.5\ribbon-transport-2.2.5.jar;D:\m2\io\reactivex\rxnetty-contexts\0.4.9\rxnetty-contexts-0.4.9.jar;D:\m2\io\reactivex\rxnetty-servo\0.4.9\rxnetty-servo-0.4.9.jar;D:\m2\io\reactivex\rxnetty\0.4.9\rxnetty-0.4.9.jar;D:\m2\com\netflix\ribbon\ribbon-core\2.2.5\ribbon-core-2.2.5.jar;D:\m2\commons-lang\commons-lang\2.6\commons-lang-2.6.jar;D:\m2\com\netflix\ribbon\ribbon-httpclient\2.2.5\ribbon-httpclient-2.2.5.jar;D:\m2\org\apache\httpcomponents\httpclient\4.5.6\httpclient-4.5.6.jar;D:\m2\org\apache\httpcomponents\httpcore\4.4.10\httpcore-4.4.10.jar;D:\m2\com\sun\jersey\jersey-client\1.19.1\jersey-client-1.19.1.jar;D:\m2\com\sun\jersey\contribs\jersey-apache-client4\1.19.1\jersey-apache-client4-1.19.1.jar;D:\m2\com\netflix\servo\servo-core\0.12.21\servo-core-0.12.21.jar;D:\m2\com\netflix\netflix-commons\netflix-commons-util\0.3.0\netflix-commons-util-0.3.0.jar;D:\m2\com\netflix\ribbon\ribbon-loadbalancer\2.2.5\ribbon-loadbalancer-2.2.5.jar;D:\m2\com\netflix\netflix-commons\netflix-statistics\0.1.1\netflix-statistics-0.1.1.jar;D:\m2\io\reactivex\rxjava\1.3.8\rxjava-1.3.8.jar;D:\m2\org\springframework\cloud\spring-cloud-starter-netflix-hystrix\2.0.2.RELEASE\spring-cloud-starter-netflix-hystrix-2.0.2.RELEASE.jar;D:\m2\org\springframework\cloud\spring-cloud-netflix-core\2.0.2.RELEASE\spring-cloud-netflix-core-2.0.2.RELEASE.jar;D:\m2\com\netflix\hystrix\hystrix-core\1.5.12\hystrix-core-1.5.12.jar;D:\m2\com\netflix\hystrix\hystrix-serialization\1.5.12\hystrix-serialization-1.5.12.jar;D:\m2\com\netflix\hystrix\hystrix-metrics-event-stream\1.5.12\hystrix-metrics-event-stream-1.5.12.jar;D:\m2\com\netflix\hystrix\hystrix-javanica\1.5.12\hystrix-javanica-1.5.12.jar;D:\m2\org\apache\commons\commons-lang3\3.7\commons-lang3-3.7.jar;D:\m2\org\ow2\asm\asm\5.0.4\asm-5.0.4.jar;D:\m2\io\reactivex\rxjava-reactive-streams\1.2.1\rxjava-reactive-streams-1.2.1.jar;D:\m2\org\reactivestreams\reactive-streams\1.0.2\reactive-streams-1.0.2.jar;D:\m2\org\springframework\retry\spring-retry\1.2.3.RELEASE\spring-retry-1.2.3.RELEASE.jar;D:\m2\org\springframework\cloud\spring-cloud-starter-netflix-eureka-client\2.0.2.RELEASE\spring-cloud-starter-netflix-eureka-client-2.0.2.RELEASE.jar;D:\m2\org\springframework\cloud\spring-cloud-netflix-eureka-client\2.0.2.RELEASE\spring-cloud-netflix-eureka-client-2.0.2.RELEASE.jar;D:\m2\com\netflix\eureka\eureka-client\1.9.3\eureka-client-1.9.3.jar;D:\m2\org\codehaus\jettison\jettison\1.3.7\jettison-1.3.7.jar;D:\m2\stax\stax-api\1.0.1\stax-api-1.0.1.jar;D:\m2\com\netflix\netflix-commons\netflix-eventbus\0.3.0\netflix-eventbus-0.3.0.jar;D:\m2\com\netflix\netflix-commons\netflix-infix\0.3.0\netflix-infix-0.3.0.jar;D:\m2\commons-jxpath\commons-jxpath\1.3\commons-jxpath-1.3.jar;D:\m2\joda-time\joda-time\2.9.9\joda-time-2.9.9.jar;D:\m2\org\antlr\antlr-runtime\3.5.2\antlr-runtime-3.5.2.jar;D:\m2\com\google\code\gson\gson\2.8.5\gson-2.8.5.jar;D:\m2\org\apache\commons\commons-math\2.2\commons-math-2.2.jar;D:\m2\javax\ws\rs\jsr311-api\1.1.1\jsr311-api-1.1.1.jar;D:\m2\com\sun\jersey\jersey-core\1.19.1\jersey-core-1.19.1.jar;D:\m2\com\google\inject\guice\4.1.0\guice-4.1.0.jar;D:\m2\aopalliance\aopalliance\1.0\aopalliance-1.0.jar;D:\m2\com\github\vlsi\compactmap\compactmap\1.2.1\compactmap-1.2.1.jar;D:\m2\com\github\andrewoma\dexx\dexx-collections\0.2\dexx-collections-0.2.jar;D:\m2\com\netflix\eureka\eureka-core\1.9.3\eureka-core-1.9.3.jar;D:\m2\org\codehaus\woodstox\woodstox-core-asl\4.4.1\woodstox-core-asl-4.4.1.jar;D:\m2\javax\xml\stream\stax-api\1.0-2\stax-api-1.0-2.jar;D:\m2\org\codehaus\woodstox\stax2-api\3.1.4\stax2-api-3.1.4.jar;D:\m2\com\netflix\ribbon\ribbon-eureka\2.2.5\ribbon-eureka-2.2.5.jar;D:\m2\com\thoughtworks\xstream\xstream\1.4.10\xstream-1.4.10.jar;D:\m2\xmlpull\xmlpull\1.1.3.1\xmlpull-1.1.3.1.jar;D:\m2\xpp3\xpp3_min\1.1.4c\xpp3_min-1.1.4c.jar;D:\m2\org\springframework\cloud\spring-cloud-starter-config\2.0.2.RELEASE\spring-cloud-starter-config-2.0.2.RELEASE.jar;D:\m2\org\springframework\cloud\spring-cloud-config-client\2.0.2.RELEASE\spring-cloud-config-client-2.0.2.RELEASE.jar;D:\m2\org\springframework\cloud\spring-cloud-security\2.0.1.RELEASE\spring-cloud-security-2.0.1.RELEASE.jar;D:\m2\org\springframework\boot\spring-boot-starter-security\2.0.8.RELEASE\spring-boot-starter-security-2.0.8.RELEASE.jar;D:\m2\org\springframework\security\oauth\boot\spring-security-oauth2-autoconfigure\2.0.8.RELEASE\spring-security-oauth2-autoconfigure-2.0.8.RELEASE.jar;D:\m2\org\springframework\cloud\spring-cloud-starter-openfeign\2.0.2.RELEASE\spring-cloud-starter-openfeign-2.0.2.RELEASE.jar;D:\m2\org\springframework\cloud\spring-cloud-openfeign-core\2.0.2.RELEASE\spring-cloud-openfeign-core-2.0.2.RELEASE.jar;D:\m2\io\github\openfeign\form\feign-form-spring\3.3.0\feign-form-spring-3.3.0.jar;D:\m2\io\github\openfeign\form\feign-form\3.3.0\feign-form-3.3.0.jar;D:\m2\com\google\code\findbugs\annotations\3.0.1\annotations-3.0.1.jar;D:\m2\net\jcip\jcip-annotations\1.0\jcip-annotations-1.0.jar;D:\m2\commons-fileupload\commons-fileupload\1.3.3\commons-fileupload-1.3.3.jar;D:\m2\commons-io\commons-io\2.6\commons-io-2.6.jar;D:\m2\io\github\openfeign\feign-core\9.7.0\feign-core-9.7.0.jar;D:\m2\io\github\openfeign\feign-slf4j\9.7.0\feign-slf4j-9.7.0.jar;D:\m2\io\github\openfeign\feign-hystrix\9.7.0\feign-hystrix-9.7.0.jar;D:\m2\io\github\openfeign\feign-java8\9.7.0\feign-java8-9.7.0.jar;D:\m2\org\springframework\boot\spring-boot-starter-cloud-connectors\2.0.8.RELEASE\spring-boot-starter-cloud-connectors-2.0.8.RELEASE.jar;D:\m2\org\springframework\cloud\spring-cloud-spring-service-connector\2.0.4.RELEASE\spring-cloud-spring-service-connector-2.0.4.RELEASE.jar;D:\m2\org\springframework\cloud\spring-cloud-connectors-core\2.0.4.RELEASE\spring-cloud-connectors-core-2.0.4.RELEASE.jar;D:\m2\org\springframework\cloud\spring-cloud-cloudfoundry-connector\2.0.4.RELEASE\spring-cloud-cloudfoundry-connector-2.0.4.RELEASE.jar;D:\m2\org\springframework\cloud\spring-cloud-heroku-connector\2.0.4.RELEASE\spring-cloud-heroku-connector-2.0.4.RELEASE.jar;D:\m2\org\springframework\cloud\spring-cloud-localconfig-connector\2.0.4.RELEASE\spring-cloud-localconfig-connector-2.0.4.RELEASE.jar;D:\m2\org\springframework\security\spring-security-data\5.0.11.RELEASE\spring-security-data-5.0.11.RELEASE.jar;D:\m2\javax\xml\bind\jaxb-api\2.3.1\jaxb-api-2.3.1.jar;D:\m2\javax\activation\javax.activation-api\1.2.0\javax.activation-api-1.2.0.jar;D:\m2\org\springframework\data\spring-data-commons\2.0.13.RELEASE\spring-data-commons-2.0.13.RELEASE.jar;D:\m2\commons-collections\commons-collections\3.2.2\commons-collections-3.2.2.jar;D:\m2\org\apache\commons\commons-pool2\2.5.0\commons-pool2-2.5.0.jar;"/>
    <property name="java.vm.vendor" value="Oracle Corporation"/>
    <property name="sun.arch.data.model" value="64"/>
    <property name="user.variant" value=""/>
    <property name="java.vendor.url" value="http://java.oracle.com/"/>
    <property name="user.timezone" value="Asia/Shanghai"/>
    <property name="java.vm.specification.version" value="1.8"/>
    <property name="os.name" value="Windows 10"/>
    <property name="user.country" value="CN"/>
    <property name="sun.java.launcher" value="SUN_STANDARD"/>
    <property name="sun.boot.library.path" value="D:\jdk8\jre\bin"/>
    <property name="sun.java.command" value="C:\Users\57415\AppData\Local\Temp\surefire2620862147268952654\surefirebooter2404276940386744954.jar C:\Users\57415\AppData\Local\Temp\surefire2620862147268952654 2020-06-22T10-20-57_233-jvmRun1 surefire715743975600052340tmp surefire_07221332734524330483tmp"/>
    <property name="surefire.test.class.path" value="D:\gitRepository\spring-cloud-sample\quick-starter\target\test-classes;D:\gitRepository\spring-cloud-sample\quick-starter\target\classes;D:\m2\com\fasterxml\jackson\module\jackson-module-parameter-names\2.9.8\jackson-module-parameter-names-2.9.8.jar;D:\m2\com\fasterxml\jackson\core\jackson-core\2.9.8\jackson-core-2.9.8.jar;D:\m2\com\fasterxml\jackson\core\jackson-databind\2.9.8\jackson-databind-2.9.8.jar;D:\m2\com\fasterxml\jackson\datatype\jackson-datatype-hppc\2.9.8\jackson-datatype-hppc-2.9.8.jar;D:\m2\com\carrotsearch\hppc\0.7.1\hppc-0.7.1.jar;D:\m2\com\fasterxml\jackson\datatype\jackson-datatype-jsr310\2.9.8\jackson-datatype-jsr310-2.9.8.jar;D:\m2\com\fasterxml\jackson\core\jackson-annotations\2.9.0\jackson-annotations-2.9.0.jar;D:\m2\com\fasterxml\jackson\module\jackson-module-afterburner\2.9.8\jackson-module-afterburner-2.9.8.jar;D:\m2\io\springfox\springfox-swagger2\2.9.2\springfox-swagger2-2.9.2.jar;D:\m2\io\swagger\swagger-annotations\1.5.20\swagger-annotations-1.5.20.jar;D:\m2\io\swagger\swagger-models\1.5.20\swagger-models-1.5.20.jar;D:\m2\io\springfox\springfox-spi\2.9.2\springfox-spi-2.9.2.jar;D:\m2\io\springfox\springfox-core\2.9.2\springfox-core-2.9.2.jar;D:\m2\io\springfox\springfox-schema\2.9.2\springfox-schema-2.9.2.jar;D:\m2\io\springfox\springfox-swagger-common\2.9.2\springfox-swagger-common-2.9.2.jar;D:\m2\io\springfox\springfox-spring-web\2.9.2\springfox-spring-web-2.9.2.jar;D:\m2\com\fasterxml\classmate\1.3.4\classmate-1.3.4.jar;D:\m2\org\slf4j\slf4j-api\1.7.25\slf4j-api-1.7.25.jar;D:\m2\org\springframework\plugin\spring-plugin-core\1.2.0.RELEASE\spring-plugin-core-1.2.0.RELEASE.jar;D:\m2\org\springframework\plugin\spring-plugin-metadata\1.2.0.RELEASE\spring-plugin-metadata-1.2.0.RELEASE.jar;D:\m2\com\google\guava\guava\27.1-jre\guava-27.1-jre.jar;D:\m2\com\google\guava\failureaccess\1.0.1\failureaccess-1.0.1.jar;D:\m2\com\google\guava\listenablefuture\9999.0-empty-to-avoid-conflict-with-guava\listenablefuture-9999.0-empty-to-avoid-conflict-with-guava.jar;D:\m2\com\google\code\findbugs\jsr305\3.0.2\jsr305-3.0.2.jar;D:\m2\org\checkerframework\checker-qual\2.5.2\checker-qual-2.5.2.jar;D:\m2\com\google\errorprone\error_prone_annotations\2.2.0\error_prone_annotations-2.2.0.jar;D:\m2\com\google\j2objc\j2objc-annotations\1.1\j2objc-annotations-1.1.jar;D:\m2\org\codehaus\mojo\animal-sniffer-annotations\1.17\animal-sniffer-annotations-1.17.jar;D:\m2\io\springfox\springfox-bean-validators\2.9.2\springfox-bean-validators-2.9.2.jar;D:\m2\com\querydsl\querydsl-apt\4.1.4\querydsl-apt-4.1.4.jar;D:\m2\com\querydsl\querydsl-codegen\4.1.4\querydsl-codegen-4.1.4.jar;D:\m2\com\mysema\codegen\codegen\0.6.8\codegen-0.6.8.jar;D:\m2\org\eclipse\jdt\core\compiler\ecj\4.3.1\ecj-4.3.1.jar;D:\m2\javax\inject\javax.inject\1\javax.inject-1.jar;D:\m2\org\reflections\reflections\0.9.11\reflections-0.9.11.jar;D:\m2\org\javassist\javassist\3.21.0-GA\javassist-3.21.0-GA.jar;D:\m2\javax\jdo\jdo-api\3.0.1\jdo-api-3.0.1.jar;D:\m2\javax\transaction\jta\1.1\jta-1.1.jar;D:\m2\com\querydsl\querydsl-mongodb\4.1.4\querydsl-mongodb-4.1.4.jar;D:\m2\com\querydsl\querydsl-core\4.1.4\querydsl-core-4.1.4.jar;D:\m2\com\mysema\commons\mysema-commons-lang\0.2.4\mysema-commons-lang-0.2.4.jar;D:\m2\com\infradna\tool\bridge-method-annotation\1.13\bridge-method-annotation-1.13.jar;D:\m2\org\assertj\assertj-core\3.9.1\assertj-core-3.9.1.jar;D:\m2\net\logstash\logback\logstash-logback-encoder\5.2\logstash-logback-encoder-5.2.jar;D:\m2\org\mapstruct\mapstruct-jdk8\1.2.0.Final\mapstruct-jdk8-1.2.0.Final.jar;D:\m2\org\mapstruct\mapstruct-processor\1.2.0.Final\mapstruct-processor-1.2.0.Final.jar;D:\m2\org\springframework\boot\spring-boot-configuration-processor\2.0.8.RELEASE\spring-boot-configuration-processor-2.0.8.RELEASE.jar;D:\m2\org\springframework\boot\spring-boot-loader-tools\2.0.8.RELEASE\spring-boot-loader-tools-2.0.8.RELEASE.jar;D:\m2\org\springframework\spring-core\5.0.12.RELEASE\spring-core-5.0.12.RELEASE.jar;D:\m2\org\springframework\spring-jcl\5.0.12.RELEASE\spring-jcl-5.0.12.RELEASE.jar;D:\m2\org\apache\commons\commons-compress\1.14\commons-compress-1.14.jar;D:\m2\org\springframework\boot\spring-boot-starter-actuator\2.0.8.RELEASE\spring-boot-starter-actuator-2.0.8.RELEASE.jar;D:\m2\org\springframework\boot\spring-boot-starter\2.0.8.RELEASE\spring-boot-starter-2.0.8.RELEASE.jar;D:\m2\org\springframework\boot\spring-boot-autoconfigure\2.0.8.RELEASE\spring-boot-autoconfigure-2.0.8.RELEASE.jar;D:\m2\org\springframework\boot\spring-boot-starter-logging\2.0.8.RELEASE\spring-boot-starter-logging-2.0.8.RELEASE.jar;D:\m2\ch\qos\logback\logback-classic\1.2.3\logback-classic-1.2.3.jar;D:\m2\ch\qos\logback\logback-core\1.2.3\logback-core-1.2.3.jar;D:\m2\org\apache\logging\log4j\log4j-to-slf4j\2.10.0\log4j-to-slf4j-2.10.0.jar;D:\m2\org\apache\logging\log4j\log4j-api\2.10.0\log4j-api-2.10.0.jar;D:\m2\org\slf4j\jul-to-slf4j\1.7.25\jul-to-slf4j-1.7.25.jar;D:\m2\javax\annotation\javax.annotation-api\1.3.2\javax.annotation-api-1.3.2.jar;D:\m2\org\yaml\snakeyaml\1.19\snakeyaml-1.19.jar;D:\m2\org\springframework\boot\spring-boot-actuator-autoconfigure\2.0.8.RELEASE\spring-boot-actuator-autoconfigure-2.0.8.RELEASE.jar;D:\m2\org\springframework\boot\spring-boot-actuator\2.0.8.RELEASE\spring-boot-actuator-2.0.8.RELEASE.jar;D:\m2\io\micrometer\micrometer-core\1.0.9\micrometer-core-1.0.9.jar;D:\m2\org\hdrhistogram\HdrHistogram\2.1.10\HdrHistogram-2.1.10.jar;D:\m2\org\latencyutils\LatencyUtils\2.0.3\LatencyUtils-2.0.3.jar;D:\m2\org\springframework\boot\spring-boot-starter-aop\2.0.8.RELEASE\spring-boot-starter-aop-2.0.8.RELEASE.jar;D:\m2\org\springframework\spring-aop\5.0.12.RELEASE\spring-aop-5.0.12.RELEASE.jar;D:\m2\org\aspectj\aspectjweaver\1.8.13\aspectjweaver-1.8.13.jar;D:\m2\org\springframework\boot\spring-boot-starter-cache\2.0.8.RELEASE\spring-boot-starter-cache-2.0.8.RELEASE.jar;D:\m2\org\springframework\spring-context\5.0.12.RELEASE\spring-context-5.0.12.RELEASE.jar;D:\m2\org\springframework\spring-expression\5.0.12.RELEASE\spring-expression-5.0.12.RELEASE.jar;D:\m2\org\springframework\spring-context-support\5.0.12.RELEASE\spring-context-support-5.0.12.RELEASE.jar;D:\m2\junit\junit\4.11\junit-4.11.jar;D:\m2\org\hamcrest\hamcrest-core\1.3\hamcrest-core-1.3.jar;D:\m2\org\springframework\boot\spring-boot-starter-web\2.0.8.RELEASE\spring-boot-starter-web-2.0.8.RELEASE.jar;D:\m2\org\springframework\boot\spring-boot-starter-json\2.0.8.RELEASE\spring-boot-starter-json-2.0.8.RELEASE.jar;D:\m2\com\fasterxml\jackson\datatype\jackson-datatype-jdk8\2.9.8\jackson-datatype-jdk8-2.9.8.jar;D:\m2\org\springframework\boot\spring-boot-starter-tomcat\2.0.8.RELEASE\spring-boot-starter-tomcat-2.0.8.RELEASE.jar;D:\m2\org\apache\tomcat\embed\tomcat-embed-core\8.5.37\tomcat-embed-core-8.5.37.jar;D:\m2\org\apache\tomcat\embed\tomcat-embed-el\8.5.37\tomcat-embed-el-8.5.37.jar;D:\m2\org\apache\tomcat\embed\tomcat-embed-websocket\8.5.37\tomcat-embed-websocket-8.5.37.jar;D:\m2\org\hibernate\validator\hibernate-validator\6.0.14.Final\hibernate-validator-6.0.14.Final.jar;D:\m2\javax\validation\validation-api\2.0.1.Final\validation-api-2.0.1.Final.jar;D:\m2\org\jboss\logging\jboss-logging\3.3.2.Final\jboss-logging-3.3.2.Final.jar;D:\m2\org\springframework\spring-web\5.0.12.RELEASE\spring-web-5.0.12.RELEASE.jar;D:\m2\org\springframework\spring-webmvc\5.0.12.RELEASE\spring-webmvc-5.0.12.RELEASE.jar;D:\m2\org\springframework\boot\spring-boot-starter-test\2.0.8.RELEASE\spring-boot-starter-test-2.0.8.RELEASE.jar;D:\m2\org\springframework\boot\spring-boot-test-autoconfigure\2.0.8.RELEASE\spring-boot-test-autoconfigure-2.0.8.RELEASE.jar;D:\m2\com\jayway\jsonpath\json-path\2.4.0\json-path-2.4.0.jar;D:\m2\net\minidev\json-smart\2.3\json-smart-2.3.jar;D:\m2\net\minidev\accessors-smart\1.2\accessors-smart-1.2.jar;D:\m2\org\mockito\mockito-core\2.15.0\mockito-core-2.15.0.jar;D:\m2\net\bytebuddy\byte-buddy\1.7.11\byte-buddy-1.7.11.jar;D:\m2\net\bytebuddy\byte-buddy-agent\1.7.11\byte-buddy-agent-1.7.11.jar;D:\m2\org\objenesis\objenesis\2.6\objenesis-2.6.jar;D:\m2\org\hamcrest\hamcrest-library\1.3\hamcrest-library-1.3.jar;D:\m2\org\skyscreamer\jsonassert\1.5.0\jsonassert-1.5.0.jar;D:\m2\com\vaadin\external\google\android-json\0.0.20131108.vaadin1\android-json-0.0.20131108.vaadin1.jar;D:\m2\org\springframework\spring-test\5.0.12.RELEASE\spring-test-5.0.12.RELEASE.jar;D:\m2\org\xmlunit\xmlunit-core\2.5.1\xmlunit-core-2.5.1.jar;D:\m2\org\springframework\boot\spring-boot-test\2.0.8.RELEASE\spring-boot-test-2.0.8.RELEASE.jar;D:\m2\org\springframework\boot\spring-boot\2.0.8.RELEASE\spring-boot-2.0.8.RELEASE.jar;D:\m2\org\springframework\security\spring-security-test\5.0.11.RELEASE\spring-security-test-5.0.11.RELEASE.jar;D:\m2\org\springframework\security\spring-security-core\5.0.11.RELEASE\spring-security-core-5.0.11.RELEASE.jar;D:\m2\org\springframework\security\spring-security-web\5.0.11.RELEASE\spring-security-web-5.0.11.RELEASE.jar;D:\m2\org\springframework\security\oauth\spring-security-oauth2\2.3.4.RELEASE\spring-security-oauth2-2.3.4.RELEASE.jar;D:\m2\org\springframework\spring-beans\5.0.12.RELEASE\spring-beans-5.0.12.RELEASE.jar;D:\m2\org\springframework\security\spring-security-config\5.0.11.RELEASE\spring-security-config-5.0.11.RELEASE.jar;D:\m2\commons-codec\commons-codec\1.11\commons-codec-1.11.jar;D:\m2\org\codehaus\jackson\jackson-mapper-asl\1.9.13\jackson-mapper-asl-1.9.13.jar;D:\m2\org\codehaus\jackson\jackson-core-asl\1.9.13\jackson-core-asl-1.9.13.jar;D:\m2\org\springframework\security\spring-security-jwt\1.0.9.RELEASE\spring-security-jwt-1.0.9.RELEASE.jar;D:\m2\org\bouncycastle\bcpkix-jdk15on\1.56\bcpkix-jdk15on-1.56.jar;D:\m2\org\bouncycastle\bcprov-jdk15on\1.56\bcprov-jdk15on-1.56.jar;D:\m2\org\springframework\cloud\spring-cloud-starter\2.0.2.RELEASE\spring-cloud-starter-2.0.2.RELEASE.jar;D:\m2\org\springframework\cloud\spring-cloud-context\2.0.2.RELEASE\spring-cloud-context-2.0.2.RELEASE.jar;D:\m2\org\springframework\security\spring-security-crypto\5.0.11.RELEASE\spring-security-crypto-5.0.11.RELEASE.jar;D:\m2\org\springframework\cloud\spring-cloud-commons\2.0.2.RELEASE\spring-cloud-commons-2.0.2.RELEASE.jar;D:\m2\org\springframework\security\spring-security-rsa\1.0.7.RELEASE\spring-security-rsa-1.0.7.RELEASE.jar;D:\m2\org\springframework\cloud\spring-cloud-starter-netflix-ribbon\2.0.2.RELEASE\spring-cloud-starter-netflix-ribbon-2.0.2.RELEASE.jar;D:\m2\org\springframework\cloud\spring-cloud-netflix-ribbon\2.0.2.RELEASE\spring-cloud-netflix-ribbon-2.0.2.RELEASE.jar;D:\m2\org\springframework\cloud\spring-cloud-netflix-archaius\2.0.2.RELEASE\spring-cloud-netflix-archaius-2.0.2.RELEASE.jar;D:\m2\org\springframework\cloud\spring-cloud-starter-netflix-archaius\2.0.2.RELEASE\spring-cloud-starter-netflix-archaius-2.0.2.RELEASE.jar;D:\m2\com\netflix\archaius\archaius-core\0.7.6\archaius-core-0.7.6.jar;D:\m2\commons-configuration\commons-configuration\1.8\commons-configuration-1.8.jar;D:\m2\com\netflix\ribbon\ribbon\2.2.5\ribbon-2.2.5.jar;D:\m2\com\netflix\ribbon\ribbon-transport\2.2.5\ribbon-transport-2.2.5.jar;D:\m2\io\reactivex\rxnetty-contexts\0.4.9\rxnetty-contexts-0.4.9.jar;D:\m2\io\reactivex\rxnetty-servo\0.4.9\rxnetty-servo-0.4.9.jar;D:\m2\io\reactivex\rxnetty\0.4.9\rxnetty-0.4.9.jar;D:\m2\com\netflix\ribbon\ribbon-core\2.2.5\ribbon-core-2.2.5.jar;D:\m2\commons-lang\commons-lang\2.6\commons-lang-2.6.jar;D:\m2\com\netflix\ribbon\ribbon-httpclient\2.2.5\ribbon-httpclient-2.2.5.jar;D:\m2\org\apache\httpcomponents\httpclient\4.5.6\httpclient-4.5.6.jar;D:\m2\org\apache\httpcomponents\httpcore\4.4.10\httpcore-4.4.10.jar;D:\m2\com\sun\jersey\jersey-client\1.19.1\jersey-client-1.19.1.jar;D:\m2\com\sun\jersey\contribs\jersey-apache-client4\1.19.1\jersey-apache-client4-1.19.1.jar;D:\m2\com\netflix\servo\servo-core\0.12.21\servo-core-0.12.21.jar;D:\m2\com\netflix\netflix-commons\netflix-commons-util\0.3.0\netflix-commons-util-0.3.0.jar;D:\m2\com\netflix\ribbon\ribbon-loadbalancer\2.2.5\ribbon-loadbalancer-2.2.5.jar;D:\m2\com\netflix\netflix-commons\netflix-statistics\0.1.1\netflix-statistics-0.1.1.jar;D:\m2\io\reactivex\rxjava\1.3.8\rxjava-1.3.8.jar;D:\m2\org\springframework\cloud\spring-cloud-starter-netflix-hystrix\2.0.2.RELEASE\spring-cloud-starter-netflix-hystrix-2.0.2.RELEASE.jar;D:\m2\org\springframework\cloud\spring-cloud-netflix-core\2.0.2.RELEASE\spring-cloud-netflix-core-2.0.2.RELEASE.jar;D:\m2\com\netflix\hystrix\hystrix-core\1.5.12\hystrix-core-1.5.12.jar;D:\m2\com\netflix\hystrix\hystrix-serialization\1.5.12\hystrix-serialization-1.5.12.jar;D:\m2\com\netflix\hystrix\hystrix-metrics-event-stream\1.5.12\hystrix-metrics-event-stream-1.5.12.jar;D:\m2\com\netflix\hystrix\hystrix-javanica\1.5.12\hystrix-javanica-1.5.12.jar;D:\m2\org\apache\commons\commons-lang3\3.7\commons-lang3-3.7.jar;D:\m2\org\ow2\asm\asm\5.0.4\asm-5.0.4.jar;D:\m2\io\reactivex\rxjava-reactive-streams\1.2.1\rxjava-reactive-streams-1.2.1.jar;D:\m2\org\reactivestreams\reactive-streams\1.0.2\reactive-streams-1.0.2.jar;D:\m2\org\springframework\retry\spring-retry\1.2.3.RELEASE\spring-retry-1.2.3.RELEASE.jar;D:\m2\org\springframework\cloud\spring-cloud-starter-netflix-eureka-client\2.0.2.RELEASE\spring-cloud-starter-netflix-eureka-client-2.0.2.RELEASE.jar;D:\m2\org\springframework\cloud\spring-cloud-netflix-eureka-client\2.0.2.RELEASE\spring-cloud-netflix-eureka-client-2.0.2.RELEASE.jar;D:\m2\com\netflix\eureka\eureka-client\1.9.3\eureka-client-1.9.3.jar;D:\m2\org\codehaus\jettison\jettison\1.3.7\jettison-1.3.7.jar;D:\m2\stax\stax-api\1.0.1\stax-api-1.0.1.jar;D:\m2\com\netflix\netflix-commons\netflix-eventbus\0.3.0\netflix-eventbus-0.3.0.jar;D:\m2\com\netflix\netflix-commons\netflix-infix\0.3.0\netflix-infix-0.3.0.jar;D:\m2\commons-jxpath\commons-jxpath\1.3\commons-jxpath-1.3.jar;D:\m2\joda-time\joda-time\2.9.9\joda-time-2.9.9.jar;D:\m2\org\antlr\antlr-runtime\3.5.2\antlr-runtime-3.5.2.jar;D:\m2\com\google\code\gson\gson\2.8.5\gson-2.8.5.jar;D:\m2\org\apache\commons\commons-math\2.2\commons-math-2.2.jar;D:\m2\javax\ws\rs\jsr311-api\1.1.1\jsr311-api-1.1.1.jar;D:\m2\com\sun\jersey\jersey-core\1.19.1\jersey-core-1.19.1.jar;D:\m2\com\google\inject\guice\4.1.0\guice-4.1.0.jar;D:\m2\aopalliance\aopalliance\1.0\aopalliance-1.0.jar;D:\m2\com\github\vlsi\compactmap\compactmap\1.2.1\compactmap-1.2.1.jar;D:\m2\com\github\andrewoma\dexx\dexx-collections\0.2\dexx-collections-0.2.jar;D:\m2\com\netflix\eureka\eureka-core\1.9.3\eureka-core-1.9.3.jar;D:\m2\org\codehaus\woodstox\woodstox-core-asl\4.4.1\woodstox-core-asl-4.4.1.jar;D:\m2\javax\xml\stream\stax-api\1.0-2\stax-api-1.0-2.jar;D:\m2\org\codehaus\woodstox\stax2-api\3.1.4\stax2-api-3.1.4.jar;D:\m2\com\netflix\ribbon\ribbon-eureka\2.2.5\ribbon-eureka-2.2.5.jar;D:\m2\com\thoughtworks\xstream\xstream\1.4.10\xstream-1.4.10.jar;D:\m2\xmlpull\xmlpull\1.1.3.1\xmlpull-1.1.3.1.jar;D:\m2\xpp3\xpp3_min\1.1.4c\xpp3_min-1.1.4c.jar;D:\m2\org\springframework\cloud\spring-cloud-starter-config\2.0.2.RELEASE\spring-cloud-starter-config-2.0.2.RELEASE.jar;D:\m2\org\springframework\cloud\spring-cloud-config-client\2.0.2.RELEASE\spring-cloud-config-client-2.0.2.RELEASE.jar;D:\m2\org\springframework\cloud\spring-cloud-security\2.0.1.RELEASE\spring-cloud-security-2.0.1.RELEASE.jar;D:\m2\org\springframework\boot\spring-boot-starter-security\2.0.8.RELEASE\spring-boot-starter-security-2.0.8.RELEASE.jar;D:\m2\org\springframework\security\oauth\boot\spring-security-oauth2-autoconfigure\2.0.8.RELEASE\spring-security-oauth2-autoconfigure-2.0.8.RELEASE.jar;D:\m2\org\springframework\cloud\spring-cloud-starter-openfeign\2.0.2.RELEASE\spring-cloud-starter-openfeign-2.0.2.RELEASE.jar;D:\m2\org\springframework\cloud\spring-cloud-openfeign-core\2.0.2.RELEASE\spring-cloud-openfeign-core-2.0.2.RELEASE.jar;D:\m2\io\github\openfeign\form\feign-form-spring\3.3.0\feign-form-spring-3.3.0.jar;D:\m2\io\github\openfeign\form\feign-form\3.3.0\feign-form-3.3.0.jar;D:\m2\com\google\code\findbugs\annotations\3.0.1\annotations-3.0.1.jar;D:\m2\net\jcip\jcip-annotations\1.0\jcip-annotations-1.0.jar;D:\m2\commons-fileupload\commons-fileupload\1.3.3\commons-fileupload-1.3.3.jar;D:\m2\commons-io\commons-io\2.6\commons-io-2.6.jar;D:\m2\io\github\openfeign\feign-core\9.7.0\feign-core-9.7.0.jar;D:\m2\io\github\openfeign\feign-slf4j\9.7.0\feign-slf4j-9.7.0.jar;D:\m2\io\github\openfeign\feign-hystrix\9.7.0\feign-hystrix-9.7.0.jar;D:\m2\io\github\openfeign\feign-java8\9.7.0\feign-java8-9.7.0.jar;D:\m2\org\springframework\boot\spring-boot-starter-cloud-connectors\2.0.8.RELEASE\spring-boot-starter-cloud-connectors-2.0.8.RELEASE.jar;D:\m2\org\springframework\cloud\spring-cloud-spring-service-connector\2.0.4.RELEASE\spring-cloud-spring-service-connector-2.0.4.RELEASE.jar;D:\m2\org\springframework\cloud\spring-cloud-connectors-core\2.0.4.RELEASE\spring-cloud-connectors-core-2.0.4.RELEASE.jar;D:\m2\org\springframework\cloud\spring-cloud-cloudfoundry-connector\2.0.4.RELEASE\spring-cloud-cloudfoundry-connector-2.0.4.RELEASE.jar;D:\m2\org\springframework\cloud\spring-cloud-heroku-connector\2.0.4.RELEASE\spring-cloud-heroku-connector-2.0.4.RELEASE.jar;D:\m2\org\springframework\cloud\spring-cloud-localconfig-connector\2.0.4.RELEASE\spring-cloud-localconfig-connector-2.0.4.RELEASE.jar;D:\m2\org\springframework\security\spring-security-data\5.0.11.RELEASE\spring-security-data-5.0.11.RELEASE.jar;D:\m2\javax\xml\bind\jaxb-api\2.3.1\jaxb-api-2.3.1.jar;D:\m2\javax\activation\javax.activation-api\1.2.0\javax.activation-api-1.2.0.jar;D:\m2\org\springframework\data\spring-data-commons\2.0.13.RELEASE\spring-data-commons-2.0.13.RELEASE.jar;D:\m2\commons-collections\commons-collections\3.2.2\commons-collections-3.2.2.jar;D:\m2\org\apache\commons\commons-pool2\2.5.0\commons-pool2-2.5.0.jar;"/>
    <property name="sun.cpu.endian" value="little"/>
    <property name="user.home" value="C:\Users\57415"/>
    <property name="user.language" value="zh"/>
    <property name="java.specification.vendor" value="Oracle Corporation"/>
    <property name="idea.version2019.2.1" value="true"/>
    <property name="java.home" value="D:\jdk8\jre"/>
    <property name="basedir" value="D:\gitRepository\spring-cloud-sample\quick-starter"/>
    <property name="file.separator" value="\"/>
    <property name="line.separator" value="&#10;"/>
    <property name="java.vm.specification.vendor" value="Oracle Corporation"/>
    <property name="java.specification.name" value="Java Platform API Specification"/>
    <property name="java.awt.graphicsenv" value="sun.awt.Win32GraphicsEnvironment"/>
    <property name="surefire.real.class.path" value="C:\Users\57415\AppData\Local\Temp\surefire2620862147268952654\surefirebooter2404276940386744954.jar"/>
    <property name="sun.boot.class.path" value="D:\jdk8\jre\lib\resources.jar;D:\jdk8\jre\lib\rt.jar;D:\jdk8\jre\lib\sunrsasign.jar;D:\jdk8\jre\lib\jsse.jar;D:\jdk8\jre\lib\jce.jar;D:\jdk8\jre\lib\charsets.jar;D:\jdk8\jre\lib\jfr.jar;D:\jdk8\jre\classes"/>
    <property name="user.script" value=""/>
    <property name="sun.management.compiler" value="HotSpot 64-Bit Tiered Compilers"/>
    <property name="java.runtime.version" value="1.8.0_171-b11"/>
    <property name="user.name" value="57415"/>
    <property name="path.separator" value=";"/>
    <property name="os.version" value="10.0"/>
    <property name="java.endorsed.dirs" value="D:\jdk8\jre\lib\endorsed"/>
    <property name="java.runtime.name" value="Java(TM) SE Runtime Environment"/>
    <property name="file.encoding" value="GBK"/>
    <property name="java.vm.name" value="Java HotSpot(TM) 64-Bit Server VM"/>
    <property name="localRepository" value="D:\m2"/>
    <property name="java.vendor.url.bug" value="http://bugreport.sun.com/bugreport/"/>
    <property name="java.io.tmpdir" value="C:\Users\57415\AppData\Local\Temp\"/>
    <property name="java.version" value="1.8.0_171"/>
    <property name="user.dir" value="D:\gitRepository\spring-cloud-sample\quick-starter"/>
    <property name="os.arch" value="amd64"/>
    <property name="java.vm.specification.name" value="Java Virtual Machine Specification"/>
    <property name="java.awt.printerjob" value="sun.awt.windows.WPrinterJob"/>
    <property name="sun.os.patch.level" value=""/>
    <property name="java.library.path" value="D:\jdk8\jre\bin;C:\Windows\Sun\Java\bin;C:\Windows\system32;C:\Windows;C:\Windows\system32;C:\Windows;C:\Windows\System32\Wbem;C:\Windows\System32\WindowsPowerShell\v1.0\;C:\Windows\System32\OpenSSH\;C:\Program Files (x86)\Intel\Intel(R) Management Engine Components\DAL;C:\Program Files\Intel\Intel(R) Management Engine Components\DAL;C:\Program Files (x86)\NVIDIA Corporation\PhysX\Common;C:\Program Files\NVIDIA Corporation\NVIDIA NvDLISR;C:\Program Files\Intel\WiFi\bin\;C:\Program Files\Common Files\Intel\WirelessCommon\;D:\git\Git\cmd;D:\IDEA\IntelliJ IDEA 2019.2.1\plugins\maven\lib\maven3\bin;D:\putty\;C:\Program Files\nodejs\;C:\ProgramData\chocolatey\bin;D:\openvpn\install\OpenVPN\bin;D:\openjdk8\bin;C:\Program Files (x86)\Common Files\Oracle\Java\javapath;D:\jdk8\bin;D:\python3\Scripts\;D:\python3\;C:\Users\57415\AppData\Local\Microsoft\WindowsApps;;D:\IDEA\IntelliJ IDEA Community Edition 2019.2.1\bin;;D:\IDEA\IntelliJ IDEA 2019.2.1\bin;;D:\pycharm\PyCharm 2018.3.3\bin;;D:\VSCode\Microsoft VS Code\bin;C:\Users\57415\AppData\Roaming\npm;D:\pycharm\PyCharm Community Edition 2020.1\bin;;."/>
    <property name="java.vm.info" value="mixed mode"/>
    <property name="java.vendor" value="Oracle Corporation"/>
    <property name="java.vm.version" value="25.171-b11"/>
    <property name="java.ext.dirs" value="D:\jdk8\jre\lib\ext;C:\Windows\Sun\Java\lib\ext"/>
    <property name="sun.io.unicode.encoding" value="UnicodeLittle"/>
    <property name="java.class.version" value="52.0"/>
  </properties>
  <testcase name="shouldAnswerWithTrue" classname="com.zhangwei95.AppTest" time="0.001"/>
</testsuite>